Server running on port 3030
✅ PostgreSQL database initialized successfully
Database initialized successfully
Starting initial data sync...
Starting data synchronization...
Synced 535 departments
Loading timesheet data: {
  tableNumber: 'АП00-00020',
  dateFrom: '2025-04-01',
  dateTo: '2025-05-01',
  objectBin: '241240023631'
}
Loading events for employee: {
  dateStart: '2025-04-01',
  dateStop: '2025-05-01',
  tableNumber: 'АП00-00020',
  objectBIN: '241240023631'
}
Saving 19 events to database...
Synced 6068 positions
Synced 2942 employees
Sync completed: 535 departments, 6068 positions, 2942 employees
Initial data sync completed
